
17:38:17.484 [info] Loading 154 CA(s) from :otp store

17:38:17.787 [notice] Application next_ls exited: NextLS.Application.start(:normal, []) returned an error: shutdown: failed to start child: NextLS.LSPSupervisor
    ** (EXIT) shutdown: failed to start child: NextLS
        ** (EXIT) an exception was raised:
            ** (ErlangError) Erlang error: :enoent
                (elixir 1.17.2) lib/system.ex:1114: System.cmd("elixir", ["--short-version"], [])
                (next_ls 0.23.2) lib/next_ls.ex:47: NextLS.init/2
                (gen_lsp 0.10.0) lib/gen_lsp.ex:201: GenLSP.init/1
                (stdlib 6.0) proc_lib.erl:329: :proc_lib.init_p_do_apply/3

17:38:19.808 [info] Loading 154 CA(s) from :otp store

17:38:19.832 [notice] Application next_ls exited: NextLS.Application.start(:normal, []) returned an error: shutdown: failed to start child: NextLS.LSPSupervisor
    ** (EXIT) shutdown: failed to start child: NextLS
        ** (EXIT) an exception was raised:
            ** (ErlangError) Erlang error: :enoent
                (elixir 1.17.2) lib/system.ex:1114: System.cmd("elixir", ["--short-version"], [])
                (next_ls 0.23.2) lib/next_ls.ex:47: NextLS.init/2
                (gen_lsp 0.10.0) lib/gen_lsp.ex:201: GenLSP.init/1
                (stdlib 6.0) proc_lib.erl:329: :proc_lib.init_p_do_apply/3

17:38:21.848 [info] Loading 154 CA(s) from :otp store

17:38:21.878 [notice] Application next_ls exited: NextLS.Application.start(:normal, []) returned an error: shutdown: failed to start child: NextLS.LSPSupervisor
    ** (EXIT) shutdown: failed to start child: NextLS
        ** (EXIT) an exception was raised:
            ** (ErlangError) Erlang error: :enoent
                (elixir 1.17.2) lib/system.ex:1114: System.cmd("elixir", ["--short-version"], [])
                (next_ls 0.23.2) lib/next_ls.ex:47: NextLS.init/2
                (gen_lsp 0.10.0) lib/gen_lsp.ex:201: GenLSP.init/1
                (stdlib 6.0) proc_lib.erl:329: :proc_lib.init_p_do_apply/3

17:38:23.861 [info] Loading 154 CA(s) from :otp store

17:38:23.884 [notice] Application next_ls exited: NextLS.Application.start(:normal, []) returned an error: shutdown: failed to start child: NextLS.LSPSupervisor
    ** (EXIT) shutdown: failed to start child: NextLS
        ** (EXIT) an exception was raised:
            ** (ErlangError) Erlang error: :enoent
                (elixir 1.17.2) lib/system.ex:1114: System.cmd("elixir", ["--short-version"], [])
                (next_ls 0.23.2) lib/next_ls.ex:47: NextLS.init/2
                (gen_lsp 0.10.0) lib/gen_lsp.ex:201: GenLSP.init/1
                (stdlib 6.0) proc_lib.erl:329: :proc_lib.init_p_do_apply/3

17:38:25.869 [info] Loading 154 CA(s) from :otp store

17:38:25.892 [notice] Application next_ls exited: NextLS.Application.start(:normal, []) returned an error: shutdown: failed to start child: NextLS.LSPSupervisor
    ** (EXIT) shutdown: failed to start child: NextLS
        ** (EXIT) an exception was raised:
            ** (ErlangError) Erlang error: :enoent
                (elixir 1.17.2) lib/system.ex:1114: System.cmd("elixir", ["--short-version"], [])
                (next_ls 0.23.2) lib/next_ls.ex:47: NextLS.init/2
                (gen_lsp 0.10.0) lib/gen_lsp.ex:201: GenLSP.init/1
                (stdlib 6.0) proc_lib.erl:329: :proc_lib.init_p_do_apply/3
